<?xml version="1.0" encoding="UTF-8"?>
<!-- Generated by org.testng.reporters.JUnitReportReporter -->
<testsuite hostname="EN911703" failures="0" tests="1" name="com.opensource.admin.qa.TC001_Admin_SearchEmployee_POM" time="10.060" errors="0" timestamp="2023-02-09T18:42:42 COT" skipped="0">
  <testcase classname="com.opensource.admin.qa.TC001_Admin_SearchEmployee_POM" name="TC001_Admin_SearchEmployee_POM_script" time="10.060"/>
  <system-out>
    <![CDATA[Lunching URL https://opensource-demo.orangehrmlive.com/
-Login into page by inputting userName, Password and click login button-
-user is successfully logged into the page-
-user selects admin page-
-user is Admin / user management page-
-Search for user name Russel.Hamilton-
-Validating user search = Russel.Hamilton-
-logging out app-
-Validate user has logged out successfully-]]>
  </system-out>
</testsuite> <!-- com.opensource.admin.qa.TC001_Admin_SearchEmployee_POM -->
