<?xml version="1.0" encoding="UTF-8"?>
<!-- Generated by org.testng.reporters.JUnitReportReporter -->
<testsuite hostname="EN911703" failures="0" tests="1" name="com.opensource.admin.qa.TC003_Admin_AddNewUser_POM" time="40.233" errors="0" timestamp="2023-02-09T19:51:13 COT" skipped="0">
  <testcase classname="com.opensource.admin.qa.TC003_Admin_AddNewUser_POM" name="TC003_Admin_AddNewUser_POM" time="40.233"/>
  <system-out>
    <![CDATA[Lunching URL https://opensource-demo.orangehrmlive.com/
-Login into page by inputting userName, Password and click login button-
-user is successfully logged into the page-
-user selects admin page-
-user is Admin / user management page-
-user Clicks Add button-
-user is Admin - Add New User-
-Add new user - Selecting Role-
-Add new user - Selecting The User to generate the new user-
-Add new user - Selecting The User Status-
-Add new user - Input the New UserName-
-Add new user - Input the New Password and confirm it-
-Add new user - Click Save button to confirm the new user-
-user is Admin / user management page-
-Search for user name TestUserJuli-
-Validating user search = TestUserJuli-
-logging out app-
-Validate user has logged out successfully-]]>
  </system-out>
</testsuite> <!-- com.opensource.admin.qa.TC003_Admin_AddNewUser_POM -->
