<?xml version="1.0" encoding="UTF-8"?>
<!-- Generated by org.testng.reporters.JUnitReportReporter -->
<testsuite hostname="EN911703" failures="0" tests="1" name="com.opensource.admin.qa.TC002_Admin_SearchEmployee_NotExist_POM" time="18.387" errors="0" timestamp="09 Feb 2023 20:30:22 GMT" skipped="0">
  <testcase classname="com.opensource.admin.qa.TC002_Admin_SearchEmployee_NotExist_POM" name="TC002_Admin_SearchEmployee_NotExist_POM_script" time="18.387"/>
</testsuite> <!-- com.opensource.admin.qa.TC002_Admin_SearchEmployee_NotExist_POM -->
