<?xml version="1.0" encoding="UTF-8"?>
<!-- Generated by org.testng.reporters.JUnitReportReporter -->
<testsuite hostname="EN911703" failures="0" tests="1" name="com.opensource.admin.qa.TC004_Admin_DeleteUser_POM" time="23.510" errors="0" timestamp="2023-02-09T19:51:50 COT" skipped="0">
  <testcase classname="com.opensource.admin.qa.TC004_Admin_DeleteUser_POM" name="TC004_Admin_DeleteUser_POM" time="23.510"/>
  <system-out>
    <![CDATA[Lunching URL https://opensource-demo.orangehrmlive.com/
-Login into page by inputting userName, Password and click login button-
-user is successfully logged into the page-
-user selects admin page-
-user is Admin / user management page-
-Search for user name TestUserJuli-
-Validating user search = TestUserJuli-
-Validating user search = TestUserJuli is not found-
-logging out app-
-Validate user has logged out successfully-]]>
  </system-out>
</testsuite> <!-- com.opensource.admin.qa.TC004_Admin_DeleteUser_POM -->
